<?xml version="1.0" encoding="UTF-8"?>
<!-- Generated by org.testng.reporters.JUnitReportReporter -->
<testsuite skipped="0" hostname="Sandeeps-MacBook.local" name="com.ebay.tests.LandingPageTest" tests="9" failures="0" timestamp="06 Feb 2019 12:34:54 GMT" time="82.042" errors="0">
  <testcase name="searchForProduct" time="35.126" classname="com.ebay.tests.LandingPageTest"/>
  <testcase name="clickSearchResult" time="4.539" classname="com.ebay.tests.LandingPageTest"/>
  <testcase name="checkElementsInProductDetail" time="0.848" classname="com.ebay.tests.LandingPageTest"/>
  <testcase name="checkElementsInProductDetail" time="2.795" classname="com.ebay.tests.LandingPageTest"/>
  <testcase name="checkElementsInProductDetail" time="1.096" classname="com.ebay.tests.LandingPageTest"/>
  <testcase name="tapBuyNowButton" time="5.605" classname="com.ebay.tests.LandingPageTest"/>
  <testcase name="loginToEbay" time="15.889" classname="com.ebay.tests.LandingPageTest"/>
  <testcase name="reviewOrder" time="9.797" classname="com.ebay.tests.LandingPageTest"/>
  <testcase name="scrollDownToCheckFinalPrice" time="6.347" classname="com.ebay.tests.LandingPageTest"/>
</testsuite> <!-- com.ebay.tests.LandingPageTest -->
