<?xml version="1.0" encoding="UTF-8"?>
<!-- Generated by org.testng.reporters.JUnitReportReporter -->
<testsuite skipped="0" hostname="Sandeeps-MacBook.local" name="com.ebay.tests.PlaceOrderTest" tests="9" failures="0" timestamp="06 Feb 2019 13:09:35 GMT" time="89.994" errors="0">
  <testcase name="searchProduct" time="40.437" classname="com.ebay.tests.PlaceOrderTest"/>
  <testcase name="clickSearchResult" time="7.339" classname="com.ebay.tests.PlaceOrderTest"/>
  <testcase name="checkElementsInProductDetail" time="0.950" classname="com.ebay.tests.PlaceOrderTest"/>
  <testcase name="checkElementsInProductDetail" time="1.241" classname="com.ebay.tests.PlaceOrderTest"/>
  <testcase name="checkElementsInProductDetail" time="1.004" classname="com.ebay.tests.PlaceOrderTest"/>
  <testcase name="tapBuyNowButton" time="6.240" classname="com.ebay.tests.PlaceOrderTest"/>
  <testcase name="loginToEbay" time="16.645" classname="com.ebay.tests.PlaceOrderTest"/>
  <testcase name="reviewOrder" time="10.192" classname="com.ebay.tests.PlaceOrderTest"/>
  <testcase name="scrollDownToCheckFinalPrice" time="5.946" classname="com.ebay.tests.PlaceOrderTest"/>
</testsuite> <!-- com.ebay.tests.PlaceOrderTest -->
